<?xml version="1.0"?>
<testsuites>
  <testsuite name="PhantomJS 1.7 (Windows)" package="" timestamp="2013-06-03T01:13:52" id="0" hostname="SYDD31174" tests="18" errors="0" failures="0" time="0.127">
    <properties>
      <property name="browser.fullName" value="Mozilla/5.0 (Windows NT 5.1) AppleWebKit/534.34 (KHTML, like Gecko) PhantomJS/1.7.0 Safari/534.34"/>
    </properties>
    <testcase name="should be registered" time="0.008" classname="PhantomJS 1.7 (Windows).Midway: Testing Modules App Module:"/>
    <testcase name="should initialise model" time="0.02" classname="PhantomJS 1.7 (Windows).test Controllers mainCtrl"/>
    <testcase name="should be able to load projects" time="0.011" classname="PhantomJS 1.7 (Windows).test Controllers mainCtrl"/>
    <testcase name="should be able to add new project" time="0.007" classname="PhantomJS 1.7 (Windows).test Controllers projectCtrl - setup "/>
    <testcase name="should be able to get existing project" time="0.004" classname="PhantomJS 1.7 (Windows).test Controllers projectCtrl -- editing___"/>
    <testcase name="should be able to edit an existing project" time="0.004" classname="PhantomJS 1.7 (Windows).test Controllers projectCtrl -- editing___"/>
    <testcase name="should be able to get existing project" time="0.004" classname="PhantomJS 1.7 (Windows).test Controllers projectCtrl -- delete___"/>
    <testcase name=" should be able make a star" time="0.032" classname="PhantomJS 1.7 (Windows).directives stars"/>
    <testcase name=" should be able make a sortable table" time="0.003" classname="PhantomJS 1.7 (Windows).directives sortable"/>
    <testcase name="should replace text with strong " time="0.003" classname="PhantomJS 1.7 (Windows).filters &gt;"/>
    <testcase name=" should be able to load projects service" time="0.003" classname="PhantomJS 1.7 (Windows).Services  Projects"/>
    <testcase name=" should be able to load projects" time="0.003" classname="PhantomJS 1.7 (Windows).Services  Projects"/>
    <testcase name=" should be able to get a specifc project from projects " time="0.003" classname="PhantomJS 1.7 (Windows).Services  Projects"/>
    <testcase name=" should be able to load groups service" time="0.003" classname="PhantomJS 1.7 (Windows).Services  Groups"/>
    <testcase name=" should be able to load groups" time="0.003" classname="PhantomJS 1.7 (Windows).Services  Groups"/>
    <testcase name=" should be able to get a specifc project from projects " time="0.009" classname="PhantomJS 1.7 (Windows).Services  Groups"/>
    <testcase name=" should be able to load requirements service" time="0.003" classname="PhantomJS 1.7 (Windows).Services  Requirements"/>
    <testcase name=" should be able to load requirements" time="0.004" classname="PhantomJS 1.7 (Windows).Services  Requirements"/>
    <system-out><![CDATA[
]]></system-out>
    <system-err/>
  </testsuite>
  <testsuite name="Firefox 15.0 (Windows)" package="" timestamp="2013-06-03T01:13:52" id="0" hostname="SYDD31174" tests="18" errors="0" failures="1" time="0.341">
    <properties>
      <property name="browser.fullName" value="Mozilla/5.0 (Windows NT 5.1; rv:15.0) Gecko/20100101 Firefox/15.0.1"/>
    </properties>
    <testcase name="should be registered" time="0.039" classname="Firefox 15.0 (Windows).Midway: Testing Modules App Module:"/>
    <testcase name="should initialise model" time="0.038" classname="Firefox 15.0 (Windows).test Controllers mainCtrl"/>
    <testcase name="should be able to load projects" time="0.013" classname="Firefox 15.0 (Windows).test Controllers mainCtrl"/>
    <testcase name="should be able to add new project" time="0.018" classname="Firefox 15.0 (Windows).test Controllers projectCtrl - setup "/>
    <testcase name="should be able to get existing project" time="0.012" classname="Firefox 15.0 (Windows).test Controllers projectCtrl -- editing___"/>
    <testcase name="should be able to edit an existing project" time="0.025" classname="Firefox 15.0 (Windows).test Controllers projectCtrl -- editing___"/>
    <testcase name="should be able to get existing project" time="0.017" classname="Firefox 15.0 (Windows).test Controllers projectCtrl -- delete___"/>
    <testcase name=" should be able make a star" time="0.082" classname="Firefox 15.0 (Windows).directives stars">
      <failure type="">Expected &apos;[[object HTMLUnknownElement]]&apos; to be &apos;[[object HTMLElement]]&apos;.
@C:/Documents and Settings/kevin_vlahos/My Documents/GitHub/SDF/test/unit/directivesSpec.js:37
invoke@C:/Documents and Settings/kevin_vlahos/My Documents/GitHub/SDF/lib/angular/angular.js:2850
workFn@C:/Documents and Settings/kevin_vlahos/My Documents/GitHub/SDF/test/lib/angular/angular-mocks.js:1754

</failure>
    </testcase>
    <testcase name=" should be able make a sortable table" time="0.015" classname="Firefox 15.0 (Windows).directives sortable"/>
    <testcase name="should replace text with strong " time="0.005" classname="Firefox 15.0 (Windows).filters &gt;"/>
    <testcase name=" should be able to load projects service" time="0.008" classname="Firefox 15.0 (Windows).Services  Projects"/>
    <testcase name=" should be able to load projects" time="0.008" classname="Firefox 15.0 (Windows).Services  Projects"/>
    <testcase name=" should be able to get a specifc project from projects " time="0.01" classname="Firefox 15.0 (Windows).Services  Projects"/>
    <testcase name=" should be able to load groups service" time="0.011" classname="Firefox 15.0 (Windows).Services  Groups"/>
    <testcase name=" should be able to load groups" time="0.011" classname="Firefox 15.0 (Windows).Services  Groups"/>
    <testcase name=" should be able to get a specifc project from projects " time="0.01" classname="Firefox 15.0 (Windows).Services  Groups"/>
    <testcase name=" should be able to load requirements service" time="0.011" classname="Firefox 15.0 (Windows).Services  Requirements"/>
    <testcase name=" should be able to load requirements" time="0.008" classname="Firefox 15.0 (Windows).Services  Requirements"/>
    <system-out><![CDATA[
]]></system-out>
    <system-err/>
  </testsuite>
  <testsuite name="Chrome 27.0 (Windows)" package="" timestamp="2013-06-03T01:13:52" id="0" hostname="SYDD31174" tests="18" errors="0" failures="1" time="0.237">
    <properties>
      <property name="browser.fullName" value="Mozilla/5.0 (Windows NT 5.1) AppleWebKit/537.36 (KHTML, like Gecko) Chrome/27.0.1453.94 Safari/537.36"/>
    </properties>
    <testcase name="should be registered" time="0.009" classname="Chrome 27.0 (Windows).Midway: Testing Modules App Module:"/>
    <testcase name="should initialise model" time="0.051" classname="Chrome 27.0 (Windows).test Controllers mainCtrl"/>
    <testcase name="should be able to load projects" time="0.017" classname="Chrome 27.0 (Windows).test Controllers mainCtrl"/>
    <testcase name="should be able to add new project" time="0.01" classname="Chrome 27.0 (Windows).test Controllers projectCtrl - setup "/>
    <testcase name="should be able to get existing project" time="0.006" classname="Chrome 27.0 (Windows).test Controllers projectCtrl -- editing___"/>
    <testcase name="should be able to edit an existing project" time="0.012" classname="Chrome 27.0 (Windows).test Controllers projectCtrl -- editing___"/>
    <testcase name="should be able to get existing project" time="0.007" classname="Chrome 27.0 (Windows).test Controllers projectCtrl -- delete___"/>
    <testcase name=" should be able make a star" time="0.063" classname="Chrome 27.0 (Windows).directives stars">
      <failure type="">Expected &apos;[[object HTMLUnknownElement]]&apos; to be &apos;[[object HTMLElement]]&apos;.
Error: Expected &apos;[[object HTMLUnknownElement]]&apos; to be &apos;[[object HTMLElement]]&apos;.
    at null.&lt;anonymous&gt; (C:/Documents and Settings/kevin_vlahos/My Documents/GitHub/SDF/test/unit/directivesSpec.js:37:34)
    at Object.invoke (C:/Documents and Settings/kevin_vlahos/My Documents/GitHub/SDF/lib/angular/angular.js:2850:28)
    at workFn (C:/Documents and Settings/kevin_vlahos/My Documents/GitHub/SDF/test/lib/angular/angular-mocks.js:1754:20)
</failure>
    </testcase>
    <testcase name=" should be able make a sortable table" time="0.006" classname="Chrome 27.0 (Windows).directives sortable"/>
    <testcase name="should replace text with strong " time="0.007" classname="Chrome 27.0 (Windows).filters &gt;"/>
    <testcase name=" should be able to load projects service" time="0.011" classname="Chrome 27.0 (Windows).Services  Projects"/>
    <testcase name=" should be able to load projects" time="0.004" classname="Chrome 27.0 (Windows).Services  Projects"/>
    <testcase name=" should be able to get a specifc project from projects " time="0.005" classname="Chrome 27.0 (Windows).Services  Projects"/>
    <testcase name=" should be able to load groups service" time="0.005" classname="Chrome 27.0 (Windows).Services  Groups"/>
    <testcase name=" should be able to load groups" time="0.005" classname="Chrome 27.0 (Windows).Services  Groups"/>
    <testcase name=" should be able to get a specifc project from projects " time="0.007" classname="Chrome 27.0 (Windows).Services  Groups"/>
    <testcase name=" should be able to load requirements service" time="0.005" classname="Chrome 27.0 (Windows).Services  Requirements"/>
    <testcase name=" should be able to load requirements" time="0.007" classname="Chrome 27.0 (Windows).Services  Requirements"/>
    <system-out><![CDATA[
]]></system-out>
    <system-err/>
  </testsuite>
</testsuites>
